info: ✅ Server is listening on port 3000 {"timestamp":"2025-04-11T19:04:46.658Z"}
info: ✅ Server is listening on port 3000 {"timestamp":"2025-04-11T19:10:25.507Z"}
info: ✅ Server is listening on port 3000 {"timestamp":"2025-04-11T19:11:17.531Z"}
info: ✅ Server is listening on port undefined {"timestamp":"2025-04-11T19:16:43.235Z"}
info: ✅ Server is listening on port 3000 {"timestamp":"2025-04-11T19:17:25.577Z"}
info: ✅ Server is listening on port 3000 {"timestamp":"2025-04-11T19:18:05.155Z"}
info: ✅ Server is listening on port 3000 {"timestamp":"2025-04-11T19:18:13.138Z"}
info: ✅ Server is listening on port 3000 {"timestamp":"2025-04-11T19:19:18.833Z"}
info: ✅ Server is listening on port 3000 {"timestamp":"2025-04-11T19:19:39.777Z"}
info: ✅ Server is listening on port 3000 {"timestamp":"2025-04-11T19:19:43.546Z"}
info: ✅ Server is listening on port 3000 {"timestamp":"2025-04-11T19:19:49.477Z"}
info: ✅ Server is listening on port 3000 {"timestamp":"2025-04-11T19:19:52.083Z"}
info: ✅ Server is listening on port 3000 {"timestamp":"2025-04-11T19:20:25.644Z"}
info: ✅ Server is listening on port 3000 {"timestamp":"2025-04-11T19:20:35.740Z"}
info: ✅ Server is listening on port 3000 {"timestamp":"2025-04-11T19:20:56.723Z"}
info: ✅ Server is listening on port 3000 {"timestamp":"2025-04-11T19:21:49.452Z"}
info: ✅ Server is listening on port 3000 {"timestamp":"2025-04-11T19:22:27.385Z"}
info: ✅ Server is listening on port 3000 {"timestamp":"2025-04-11T19:47:11.603Z"}
info: ✅ Server is listening on port 3000 {"timestamp":"2025-04-12T11:00:21.738Z"}
info: ✅ Server is listening on port 3000 {"timestamp":"2025-04-12T11:00:58.873Z"}
info: ✅ Server is listening on port 3000 {"timestamp":"2025-04-12T11:01:09.215Z"}
info: ✅ Server is listening on port 3000 {"timestamp":"2025-04-12T11:03:27.839Z"}
info: ✅ Server is listening on port 3000 {"timestamp":"2025-04-12T16:11:34.874Z"}
info: Database Connected Successfully {"timestamp":"2025-04-12T16:12:24.335Z"}
info: ✅ Server is listening on port 3000 {"timestamp":"2025-04-12T16:12:24.342Z"}
info: Database Connected Successfully {"timestamp":"2025-04-12T16:12:52.030Z"}
info: ✅ Server is listening on port 3000 {"timestamp":"2025-04-12T16:12:52.035Z"}
info: Database Connected Successfully {"timestamp":"2025-04-12T16:13:09.595Z"}
info: Server is listening on port 3000 {"timestamp":"2025-04-12T16:13:09.603Z"}
info: Database Connected Successfully {"timestamp":"2025-04-12T16:14:33.483Z"}
info: Server is listening on port 3000 {"timestamp":"2025-04-12T16:14:33.490Z"}
info: Database Connected Successfully {"timestamp":"2025-04-12T16:14:36.616Z"}
info: Server is listening on port 3000 {"timestamp":"2025-04-12T16:14:36.622Z"}
info: Database Connected Successfully {"timestamp":"2025-04-12T16:14:48.715Z"}
info: Server is listening on port 3000 {"timestamp":"2025-04-12T16:14:48.720Z"}
info: Database Connected Successfully {"timestamp":"2025-04-12T16:17:05.197Z"}
info: Server is listening on port 3000 {"timestamp":"2025-04-12T16:17:05.203Z"}
info: Database Connected Successfully {"timestamp":"2025-04-12T16:17:08.863Z"}
info: Server is listening on port 3000 {"timestamp":"2025-04-12T16:17:08.872Z"}
info: Database Connected Successfully {"timestamp":"2025-04-12T16:18:41.934Z"}
info: Server is listening on port 3000 {"timestamp":"2025-04-12T16:18:41.941Z"}
info: Database Connected Successfully {"timestamp":"2025-04-12T16:18:47.932Z"}
info: Server is listening on port 3000 {"timestamp":"2025-04-12T16:18:47.938Z"}
info: Database Connected Successfully {"timestamp":"2025-04-12T16:20:38.350Z"}
info: Server is listening on port 3000 {"timestamp":"2025-04-12T16:20:38.354Z"}
info: Database Connected Successfully {"timestamp":"2025-04-12T16:22:44.289Z"}
info: Server is listening on port 3000 {"timestamp":"2025-04-12T16:22:44.296Z"}
info: Database Connected Successfully {"timestamp":"2025-04-12T16:24:52.186Z"}
info: Server is listening on port 3000 {"timestamp":"2025-04-12T16:24:52.192Z"}
info: Database Connected Successfully {"timestamp":"2025-04-12T16:24:55.237Z"}
info: Server is listening on port 3000 {"timestamp":"2025-04-12T16:24:55.242Z"}
info: Database Connected Successfully {"timestamp":"2025-04-12T16:25:04.895Z"}
info: Server is listening on port 3000 {"timestamp":"2025-04-12T16:25:04.900Z"}
info: Database Connected Successfully {"timestamp":"2025-04-12T16:25:40.581Z"}
info: Server is listening on port 3000 {"timestamp":"2025-04-12T16:25:40.585Z"}
info: Database Connected Successfully {"timestamp":"2025-04-12T16:25:45.546Z"}
info: Server is listening on port 3000 {"timestamp":"2025-04-12T16:25:45.553Z"}
info: Database Connected Successfully {"timestamp":"2025-04-12T16:26:14.342Z"}
info: Server is listening on port 3000 {"timestamp":"2025-04-12T16:26:14.347Z"}
info: Database Connected Successfully {"timestamp":"2025-04-12T16:26:58.720Z"}
info: Server is listening on port 3000 {"timestamp":"2025-04-12T16:26:58.725Z"}
info: Database Connected Successfully {"timestamp":"2025-04-12T16:27:52.096Z"}
info: Server is listening on port 3000 {"timestamp":"2025-04-12T16:27:52.103Z"}
info: Database Connected Successfully {"timestamp":"2025-04-12T16:28:02.811Z"}
info: Server is listening on port 3000 {"timestamp":"2025-04-12T16:28:02.818Z"}
info: Database Connected Successfully {"timestamp":"2025-04-12T16:29:48.633Z"}
info: Server is listening on port 3000 {"timestamp":"2025-04-12T16:29:48.638Z"}
info: Database Connected Successfully {"timestamp":"2025-04-12T16:32:51.707Z"}
info: Server is listening on port 3000 {"timestamp":"2025-04-12T16:32:51.712Z"}
info: Database Connected Successfully {"timestamp":"2025-04-12T16:34:25.676Z"}
info: Server is listening on port 3000 {"timestamp":"2025-04-12T16:34:25.685Z"}
info: Database Connected Successfully {"timestamp":"2025-04-12T16:36:57.726Z"}
info: Server is listening on port 3000 {"timestamp":"2025-04-12T16:36:57.731Z"}
info: Database Connected Successfully {"timestamp":"2025-04-12T16:37:36.512Z"}
info: Server is listening on port 3000 {"timestamp":"2025-04-12T16:37:36.516Z"}
info: Database Connected Successfully {"timestamp":"2025-04-12T16:37:48.026Z"}
info: Server is listening on port 3000 {"timestamp":"2025-04-12T16:37:48.031Z"}
info: Database Connected Successfully {"timestamp":"2025-04-12T16:37:58.883Z"}
info: Server is listening on port 3000 {"timestamp":"2025-04-12T16:37:58.889Z"}
info: Database Connected Successfully {"timestamp":"2025-04-12T16:42:20.404Z"}
info: Server is listening on port 3000 {"timestamp":"2025-04-12T16:42:20.409Z"}
info: Database Connected Successfully {"timestamp":"2025-04-12T16:42:39.334Z"}
info: Server is listening on port 3000 {"timestamp":"2025-04-12T16:42:39.339Z"}
info: Database Connected Successfully {"timestamp":"2025-04-12T16:46:49.337Z"}
info: Server is listening on port 3000 {"timestamp":"2025-04-12T16:46:49.341Z"}
info: Database Connected Successfully {"timestamp":"2025-04-12T16:47:23.614Z"}
info: Server is listening on port 3000 {"timestamp":"2025-04-12T16:47:23.620Z"}
info: Database Connected Successfully {"timestamp":"2025-04-12T16:48:46.541Z"}
info: Server is listening on port 3000 {"timestamp":"2025-04-12T16:48:46.547Z"}
info: Database Connected Successfully {"timestamp":"2025-04-12T16:50:22.207Z"}
info: Server is listening on port 3000 {"timestamp":"2025-04-12T16:50:22.214Z"}
info: Database Connected Successfully {"timestamp":"2025-04-12T16:50:28.874Z"}
info: Server is listening on port 3000 {"timestamp":"2025-04-12T16:50:28.878Z"}
info: Database Connected Successfully {"timestamp":"2025-04-12T16:51:42.780Z"}
info: Server is listening on port 3000 {"timestamp":"2025-04-12T16:51:42.787Z"}
info: Database Connected Successfully {"timestamp":"2025-04-12T16:51:50.483Z"}
info: Server is listening on port 3000 {"timestamp":"2025-04-12T16:51:50.488Z"}
info: Database Connected Successfully {"timestamp":"2025-04-12T16:53:07.237Z"}
info: Server is listening on port 3000 {"timestamp":"2025-04-12T16:53:07.243Z"}
info: Server is listening on port 3000 {"timestamp":"2025-04-12T16:53:15.720Z"}
info: Database Connected Successfully {"timestamp":"2025-04-12T16:53:16.505Z"}
info: Server is listening on port 3000 {"timestamp":"2025-04-12T17:06:55.500Z"}
info: Database Connected Successfully {"timestamp":"2025-04-12T17:06:57.608Z"}
info: Server is listening on port 3000 {"timestamp":"2025-04-12T17:12:19.652Z"}
info: Database Connected Successfully {"timestamp":"2025-04-12T17:12:20.265Z"}
info: Server is listening on port 3000 {"timestamp":"2025-04-12T17:14:09.743Z"}
info: Database Connected Successfully {"timestamp":"2025-04-12T17:14:11.576Z"}
info: Server is listening on port 3000 {"timestamp":"2025-04-12T17:14:24.564Z"}
info: Database Connected Successfully {"timestamp":"2025-04-12T17:14:25.224Z"}
info: Server is listening on port 3000 {"timestamp":"2025-04-12T17:14:59.925Z"}
info: Database Connected Successfully {"timestamp":"2025-04-12T17:15:00.435Z"}
info: Server is listening on port 3000 {"timestamp":"2025-04-12T17:42:41.149Z"}
info: Database Connected Successfully {"timestamp":"2025-04-12T17:42:41.687Z"}
info: Server is listening on port 3000 {"timestamp":"2025-04-12T17:47:14.340Z"}
info: Database Connected Successfully {"timestamp":"2025-04-12T17:47:14.898Z"}
info: Server is listening on port 3000 {"timestamp":"2025-04-12T17:47:17.724Z"}
info: Database Connected Successfully {"timestamp":"2025-04-12T17:47:18.298Z"}
error: Cannot read properties of undefined (reading 'body') {"timestamp":"2025-04-12T17:47:30.138Z"}
info: Server is listening on port 3000 {"timestamp":"2025-04-12T17:47:48.702Z"}
info: Database Connected Successfully {"timestamp":"2025-04-12T17:47:49.268Z"}
info: Server is listening on port 3000 {"timestamp":"2025-04-12T17:49:23.790Z"}
info: Database Connected Successfully {"timestamp":"2025-04-12T17:49:24.374Z"}
info: Server is listening on port 3000 {"timestamp":"2025-04-12T17:50:29.798Z"}
info: Database Connected Successfully {"timestamp":"2025-04-12T17:50:30.339Z"}
info: Server is listening on port 3000 {"timestamp":"2025-04-12T17:51:34.006Z"}
info: Database Connected Successfully {"timestamp":"2025-04-12T17:51:34.523Z"}
info: Server is listening on port 3000 {"timestamp":"2025-04-12T17:52:26.033Z"}
info: Database Connected Successfully {"timestamp":"2025-04-12T17:52:26.596Z"}
info: Server is listening on port 3000 {"timestamp":"2025-04-12T18:03:18.142Z"}
info: Database Connected Successfully {"timestamp":"2025-04-12T18:03:18.685Z"}
info: Server is listening on port 3000 {"timestamp":"2025-04-12T18:04:28.471Z"}
info: Database Connected Successfully {"timestamp":"2025-04-12T18:04:29.022Z"}
info: Server is listening on port 3000 {"timestamp":"2025-04-12T18:04:56.362Z"}
info: Database Connected Successfully {"timestamp":"2025-04-12T18:04:57.415Z"}
info: Server is listening on port 3000 {"timestamp":"2025-04-12T18:05:06.778Z"}
info: Database Connected Successfully {"timestamp":"2025-04-12T18:05:07.937Z"}
info: Server is listening on port 3000 {"timestamp":"2025-04-12T18:05:48.639Z"}
info: Database Connected Successfully {"timestamp":"2025-04-12T18:05:50.010Z"}
info: Server is listening on port 3000 {"timestamp":"2025-04-12T18:07:02.289Z"}
error: Database connection failed {"timestamp":"2025-04-12T18:07:02.297Z"}
info: Server is listening on port 3000 {"timestamp":"2025-04-12T18:07:18.156Z"}
error: Database connection failed {"timestamp":"2025-04-12T18:07:18.163Z"}
info: Server is listening on port 3000 {"timestamp":"2025-04-12T18:07:47.723Z"}
error: querySrv ECONNREFUSED _mongodb._tcp.cluster0.4unukvl.mongodb.net {"timestamp":"2025-04-12T18:07:47.731Z"}
info: Server is listening on port 3000 {"timestamp":"2025-04-12T18:10:32.232Z"}
info: Server is listening on port 3000 {"timestamp":"2025-04-12T18:11:32.826Z"}
info: Database Connected Successfully {"timestamp":"2025-04-12T18:11:35.712Z"}
error: req.cookies is not a function {"timestamp":"2025-04-12T18:11:40.055Z"}
info: Server is listening on port 3000 {"timestamp":"2025-04-12T18:12:55.171Z"}
info: Database Connected Successfully {"timestamp":"2025-04-12T18:12:56.470Z"}
info: Server is listening on port 3000 {"timestamp":"2025-04-12T18:17:27.474Z"}
info: Database Connected Successfully {"timestamp":"2025-04-12T18:17:28.257Z"}
info: Server is listening on port 3000 {"timestamp":"2025-04-12T18:17:32.772Z"}
info: Database Connected Successfully {"timestamp":"2025-04-12T18:17:33.439Z"}
info: Server is listening on port 3000 {"timestamp":"2025-04-12T18:17:51.836Z"}
info: Database Connected Successfully {"timestamp":"2025-04-12T18:17:52.483Z"}
error: userDoc is not defined {"timestamp":"2025-04-12T18:19:05.299Z"}
info: Server is listening on port 3000 {"timestamp":"2025-04-12T18:19:15.822Z"}
info: Database Connected Successfully {"timestamp":"2025-04-12T18:19:17.170Z"}
info: Server is listening on port 3000 {"timestamp":"2025-04-12T18:20:39.797Z"}
info: Database Connected Successfully {"timestamp":"2025-04-12T18:20:40.445Z"}
info: Server is listening on port 3000 {"timestamp":"2025-04-12T18:21:53.621Z"}
info: Database Connected Successfully {"timestamp":"2025-04-12T18:21:54.338Z"}
info: Server is listening on port 3000 {"timestamp":"2025-04-12T18:22:01.437Z"}
info: Database Connected Successfully {"timestamp":"2025-04-12T18:22:02.238Z"}
info: Server is listening on port 3000 {"timestamp":"2025-04-12T18:22:07.053Z"}
info: Database Connected Successfully {"timestamp":"2025-04-12T18:22:07.702Z"}
info: Server is listening on port 3000 {"timestamp":"2025-04-12T18:22:29.502Z"}
info: Database Connected Successfully {"timestamp":"2025-04-12T18:22:30.134Z"}
info: Server is listening on port 3000 {"timestamp":"2025-04-12T18:23:09.477Z"}
info: Database Connected Successfully {"timestamp":"2025-04-12T18:23:10.022Z"}
error: Cannot access 'newUser' before initialization {"timestamp":"2025-04-12T18:23:41.118Z"}
info: Server is listening on port 3000 {"timestamp":"2025-04-12T18:24:47.365Z"}
info: Database Connected Successfully {"timestamp":"2025-04-12T18:24:47.923Z"}
info: Server is listening on port 3000 {"timestamp":"2025-04-12T18:24:54.941Z"}
info: Database Connected Successfully {"timestamp":"2025-04-12T18:24:55.651Z"}
error: argument name is invalid {"timestamp":"2025-04-12T18:25:03.400Z"}
error: argument name is invalid {"timestamp":"2025-04-12T18:58:18.931Z"}
info: Server is listening on port 3000 {"timestamp":"2025-04-12T18:58:36.036Z"}
info: Database Connected Successfully {"timestamp":"2025-04-12T18:58:36.633Z"}
info: Server is listening on port 3000 {"timestamp":"2025-04-12T18:58:45.973Z"}
info: Database Connected Successfully {"timestamp":"2025-04-12T18:58:46.571Z"}
info: Server is listening on port 3000 {"timestamp":"2025-04-12T20:00:06.063Z"}
info: Database Connected Successfully {"timestamp":"2025-04-12T20:00:06.622Z"}
info: Server is listening on port 3000 {"timestamp":"2025-04-13T14:44:17.295Z"}
info: Database Connected Successfully {"timestamp":"2025-04-13T14:44:18.930Z"}
error: argument name is invalid {"timestamp":"2025-04-13T14:45:52.110Z"}
info: Server is listening on port 3000 {"timestamp":"2025-04-13T14:47:27.358Z"}
info: Database Connected Successfully {"timestamp":"2025-04-13T14:47:28.347Z"}
info: Server is listening on port 3000 {"timestamp":"2025-04-13T14:47:51.083Z"}
info: Database Connected Successfully {"timestamp":"2025-04-13T14:47:51.947Z"}
info: Server is listening on port 3000 {"timestamp":"2025-04-13T14:54:06.387Z"}
info: Database Connected Successfully {"timestamp":"2025-04-13T14:54:07.103Z"}
info: Server is listening on port 3000 {"timestamp":"2025-04-13T14:55:15.545Z"}
info: Database Connected Successfully {"timestamp":"2025-04-13T14:55:16.592Z"}
info: Server is listening on port 3000 {"timestamp":"2025-04-13T14:56:21.529Z"}
info: Database Connected Successfully {"timestamp":"2025-04-13T14:56:22.798Z"}
info: Server is listening on port 3000 {"timestamp":"2025-04-13T14:56:58.930Z"}
info: Database Connected Successfully {"timestamp":"2025-04-13T14:56:59.604Z"}
info: Server is listening on port 3000 {"timestamp":"2025-04-13T14:57:50.008Z"}
info: Database Connected Successfully {"timestamp":"2025-04-13T14:57:50.940Z"}
info: Server is listening on port 3000 {"timestamp":"2025-04-13T14:58:02.174Z"}
info: Database Connected Successfully {"timestamp":"2025-04-13T14:58:03.161Z"}
info: Server is listening on port 3000 {"timestamp":"2025-04-13T14:58:12.488Z"}
info: Database Connected Successfully {"timestamp":"2025-04-13T14:58:13.298Z"}
info: Server is listening on port 3000 {"timestamp":"2025-04-13T15:00:09.070Z"}
info: Database Connected Successfully {"timestamp":"2025-04-13T15:00:09.845Z"}
error: user.comparePassword is not a function {"timestamp":"2025-04-13T15:00:17.358Z"}
info: Server is listening on port 3000 {"timestamp":"2025-04-13T15:01:03.244Z"}
info: Database Connected Successfully {"timestamp":"2025-04-13T15:01:04.053Z"}
info: Server is listening on port 3000 {"timestamp":"2025-04-13T15:02:19.537Z"}
info: Database Connected Successfully {"timestamp":"2025-04-13T15:02:20.239Z"}
info: Server is listening on port 3000 {"timestamp":"2025-04-13T15:03:01.929Z"}
info: Database Connected Successfully {"timestamp":"2025-04-13T15:03:02.544Z"}
info: Server is listening on port 3000 {"timestamp":"2025-04-13T15:03:48.424Z"}
info: Database Connected Successfully {"timestamp":"2025-04-13T15:03:49.055Z"}
error: user.comparePassword is not a function {"timestamp":"2025-04-13T15:03:57.887Z"}
info: Server is listening on port 3000 {"timestamp":"2025-04-13T15:04:24.257Z"}
info: Database Connected Successfully {"timestamp":"2025-04-13T15:04:24.969Z"}
error: newUser is not defined {"timestamp":"2025-04-13T15:04:29.692Z"}
info: Server is listening on port 3000 {"timestamp":"2025-04-13T15:04:53.381Z"}
info: Database Connected Successfully {"timestamp":"2025-04-13T15:04:54.201Z"}
error: Cannot read properties of null (reading 'comparePassword') {"timestamp":"2025-04-13T15:05:05.975Z"}
error: Cannot set headers after they are sent to the client {"code":"ERR_HTTP_HEADERS_SENT","timestamp":"2025-04-13T15:05:11.651Z"}
info: Server is listening on port 3000 {"timestamp":"2025-04-13T15:05:40.575Z"}
info: Database Connected Successfully {"timestamp":"2025-04-13T15:05:41.256Z"}
info: Server is listening on port 3000 {"timestamp":"2025-04-13T15:05:43.655Z"}
info: Server is listening on port 3000 {"timestamp":"2025-04-13T15:05:44.889Z"}
info: Database Connected Successfully {"timestamp":"2025-04-13T15:05:45.708Z"}
info: Server is listening on port 3000 {"timestamp":"2025-04-13T15:05:48.258Z"}
info: Database Connected Successfully {"timestamp":"2025-04-13T15:05:48.862Z"}
info: Server is listening on port 3000 {"timestamp":"2025-04-13T15:06:14.238Z"}
info: Database Connected Successfully {"timestamp":"2025-04-13T15:06:14.884Z"}
info: Server is listening on port 3000 {"timestamp":"2025-04-13T15:06:27.035Z"}
info: Database Connected Successfully {"timestamp":"2025-04-13T15:06:27.868Z"}
info: Server is listening on port 3000 {"timestamp":"2025-04-13T15:08:47.850Z"}
info: Database Connected Successfully {"timestamp":"2025-04-13T15:08:48.708Z"}
info: Server is listening on port 3000 {"timestamp":"2025-04-13T15:22:51.094Z"}
info: Database Connected Successfully {"timestamp":"2025-04-13T15:22:51.853Z"}
info: Server is listening on port 3000 {"timestamp":"2025-04-13T15:55:57.034Z"}
info: Database Connected Successfully {"timestamp":"2025-04-13T15:55:57.728Z"}
info: Server is listening on port 3000 {"timestamp":"2025-04-13T16:16:05.798Z"}
info: Database Connected Successfully {"timestamp":"2025-04-13T16:16:06.335Z"}
info: Server is listening on port 3000 {"timestamp":"2025-04-13T16:17:34.986Z"}
info: Database Connected Successfully {"timestamp":"2025-04-13T16:17:35.515Z"}
info: Server is listening on port 3000 {"timestamp":"2025-04-13T16:17:50.663Z"}
info: Database Connected Successfully {"timestamp":"2025-04-13T16:17:51.262Z"}
info: Server is listening on port 3000 {"timestamp":"2025-04-13T16:18:02.746Z"}
info: Database Connected Successfully {"timestamp":"2025-04-13T16:18:03.314Z"}
info: Server is listening on port 3000 {"timestamp":"2025-04-13T16:18:15.028Z"}
info: Database Connected Successfully {"timestamp":"2025-04-13T16:18:17.048Z"}
info: Server is listening on port 3000 {"timestamp":"2025-04-13T16:18:24.875Z"}
info: Database Connected Successfully {"timestamp":"2025-04-13T16:18:25.541Z"}
info: Server is listening on port 3000 {"timestamp":"2025-04-13T16:18:38.340Z"}
info: Database Connected Successfully {"timestamp":"2025-04-13T16:18:40.309Z"}
info: Server is listening on port 3000 {"timestamp":"2025-04-13T16:20:38.594Z"}
info: Database Connected Successfully {"timestamp":"2025-04-13T16:20:39.147Z"}
info: Server is listening on port 3000 {"timestamp":"2025-04-13T16:21:05.937Z"}
info: Database Connected Successfully {"timestamp":"2025-04-13T16:21:06.524Z"}
info: Server is listening on port 3000 {"timestamp":"2025-04-13T16:21:17.505Z"}
info: Database Connected Successfully {"timestamp":"2025-04-13T16:21:18.144Z"}
info: Server is listening on port 3000 {"timestamp":"2025-04-13T16:21:22.787Z"}
info: Database Connected Successfully {"timestamp":"2025-04-13T16:21:23.311Z"}
info: Server is listening on port 3000 {"timestamp":"2025-04-13T16:21:42.583Z"}
info: Database Connected Successfully {"timestamp":"2025-04-13T16:21:43.081Z"}
info: Server is listening on port 3000 {"timestamp":"2025-04-13T16:25:16.385Z"}
info: Database Connected Successfully {"timestamp":"2025-04-13T16:25:16.992Z"}
info: Server is listening on port 3000 {"timestamp":"2025-04-13T16:25:49.134Z"}
info: Database Connected Successfully {"timestamp":"2025-04-13T16:25:49.658Z"}
info: Server is listening on port 3000 {"timestamp":"2025-04-13T16:25:58.564Z"}
info: Database Connected Successfully {"timestamp":"2025-04-13T16:26:00.707Z"}
info: Server is listening on port 3000 {"timestamp":"2025-04-13T16:26:39.061Z"}
info: Database Connected Successfully {"timestamp":"2025-04-13T16:26:42.731Z"}
info: Server is listening on port 3000 {"timestamp":"2025-04-13T16:27:10.409Z"}
info: Database Connected Successfully {"timestamp":"2025-04-13T16:27:10.944Z"}
info: Server is listening on port 3000 {"timestamp":"2025-04-13T16:27:20.290Z"}
info: Database Connected Successfully {"timestamp":"2025-04-13T16:27:20.844Z"}
info: Server is listening on port 3000 {"timestamp":"2025-04-13T16:27:38.170Z"}
info: Database Connected Successfully {"timestamp":"2025-04-13T16:27:38.668Z"}
error: username is not defined {"timestamp":"2025-04-13T16:27:48.136Z"}
info: Server is listening on port 3000 {"timestamp":"2025-04-13T16:28:17.448Z"}
info: Database Connected Successfully {"timestamp":"2025-04-13T16:28:18.002Z"}
info: Server is listening on port 3000 {"timestamp":"2025-04-13T16:29:00.823Z"}
info: Database Connected Successfully {"timestamp":"2025-04-13T16:29:01.603Z"}
info: Server is listening on port 3000 {"timestamp":"2025-04-13T16:33:40.824Z"}
info: Database Connected Successfully {"timestamp":"2025-04-13T16:33:44.452Z"}
info: Server is listening on port 3000 {"timestamp":"2025-04-13T16:34:23.416Z"}
info: Database Connected Successfully {"timestamp":"2025-04-13T16:34:24.882Z"}
info: Server is listening on port 3000 {"timestamp":"2025-04-13T16:34:27.566Z"}
info: Database Connected Successfully {"timestamp":"2025-04-13T16:34:28.529Z"}
info: Server is listening on port 3000 {"timestamp":"2025-04-13T16:34:55.714Z"}
info: Database Connected Successfully {"timestamp":"2025-04-13T16:34:56.386Z"}
info: Server is listening on port 3000 {"timestamp":"2025-04-13T16:35:02.030Z"}
info: Database Connected Successfully {"timestamp":"2025-04-13T16:35:02.704Z"}
info: Server is listening on port 3000 {"timestamp":"2025-04-13T16:35:16.194Z"}
info: Database Connected Successfully {"timestamp":"2025-04-13T16:35:17.010Z"}
error: res is not defined {"timestamp":"2025-04-13T16:35:22.044Z"}
info: Server is listening on port 3000 {"timestamp":"2025-04-13T16:35:40.374Z"}
info: Database Connected Successfully {"timestamp":"2025-04-13T16:35:41.095Z"}
error: res.cookie is not a function {"timestamp":"2025-04-13T16:35:58.341Z"}
info: Server is listening on port 3000 {"timestamp":"2025-04-13T16:40:37.579Z"}
info: Database Connected Successfully {"timestamp":"2025-04-13T16:40:38.442Z"}
info: Server is listening on port 3000 {"timestamp":"2025-04-13T16:41:07.090Z"}
info: Database Connected Successfully {"timestamp":"2025-04-13T16:41:07.960Z"}
error: res.cookie is not a function {"timestamp":"2025-04-13T16:41:11.406Z"}
info: Server is listening on port 3000 {"timestamp":"2025-04-13T16:41:51.454Z"}
info: Database Connected Successfully {"timestamp":"2025-04-13T16:41:52.070Z"}
info: Server is listening on port 3000 {"timestamp":"2025-04-13T16:42:05.286Z"}
info: Database Connected Successfully {"timestamp":"2025-04-13T16:42:05.914Z"}
error: res.cookie is not a function {"timestamp":"2025-04-13T16:42:10.971Z"}
info: Server is listening on port 3000 {"timestamp":"2025-04-13T16:43:01.312Z"}
info: Database Connected Successfully {"timestamp":"2025-04-13T16:43:02.022Z"}
info: Server is listening on port 3000 {"timestamp":"2025-04-13T16:45:13.300Z"}
info: Database Connected Successfully {"timestamp":"2025-04-13T16:45:13.949Z"}
info: Server is listening on port 3000 {"timestamp":"2025-04-14T16:11:07.242Z"}
info: Database Connected Successfully {"timestamp":"2025-04-14T16:11:08.659Z"}
error: jwt expired {"expiredAt":"2025-04-13T17:23:35.000Z","name":"TokenExpiredError","timestamp":"2025-04-14T16:11:50.434Z"}
info: Server is listening on port 3000 {"timestamp":"2025-04-14T16:19:25.975Z"}
info: Database Connected Successfully {"timestamp":"2025-04-14T16:19:26.531Z"}
info: Server is listening on port 3000 {"timestamp":"2025-04-14T16:19:34.683Z"}
info: Database Connected Successfully {"timestamp":"2025-04-14T16:19:35.509Z"}
info: Server is listening on port 3000 {"timestamp":"2025-04-14T16:21:29.247Z"}
info: Database Connected Successfully {"timestamp":"2025-04-14T16:21:29.934Z"}
info: Server is listening on port 3000 {"timestamp":"2025-04-14T16:21:38.199Z"}
info: Database Connected Successfully {"timestamp":"2025-04-14T16:21:38.754Z"}
info: Server is listening on port 3000 {"timestamp":"2025-04-14T16:21:45.218Z"}
info: Database Connected Successfully {"timestamp":"2025-04-14T16:21:45.766Z"}
error: plainTextPassword is not defined {"timestamp":"2025-04-14T16:21:50.308Z"}
info: Server is listening on port 3000 {"timestamp":"2025-04-14T16:22:21.002Z"}
info: Database Connected Successfully {"timestamp":"2025-04-14T16:22:21.597Z"}
info: Server is listening on port 3000 {"timestamp":"2025-04-14T16:23:10.954Z"}
info: Database Connected Successfully {"timestamp":"2025-04-14T16:23:11.559Z"}
info: Server is listening on port 3000 {"timestamp":"2025-04-14T16:23:37.576Z"}
info: Database Connected Successfully {"timestamp":"2025-04-14T16:23:38.208Z"}
info: Server is listening on port 3000 {"timestamp":"2025-04-14T16:23:43.762Z"}
info: Database Connected Successfully {"timestamp":"2025-04-14T16:23:44.510Z"}
info: Server is listening on port 3000 {"timestamp":"2025-04-14T16:24:19.400Z"}
info: Database Connected Successfully {"timestamp":"2025-04-14T16:24:20.007Z"}
info: Server is listening on port 3000 {"timestamp":"2025-04-14T16:24:36.998Z"}
info: Database Connected Successfully {"timestamp":"2025-04-14T16:24:37.623Z"}
info: Server is listening on port 3000 {"timestamp":"2025-04-14T16:26:04.425Z"}
info: Database Connected Successfully {"timestamp":"2025-04-14T16:26:05.074Z"}
info: Server is listening on port 3000 {"timestamp":"2025-04-14T16:26:10.783Z"}
info: Database Connected Successfully {"timestamp":"2025-04-14T16:26:11.355Z"}
info: Server is listening on port 3000 {"timestamp":"2025-04-16T18:04:31.382Z"}
info: Database Connected Successfully {"timestamp":"2025-04-16T18:04:32.520Z"}
info: Server is listening on port 3000 {"timestamp":"2025-04-16T18:06:41.476Z"}
info: Database Connected Successfully {"timestamp":"2025-04-16T18:06:42.093Z"}
info: Server is listening on port 3000 {"timestamp":"2025-04-16T18:07:27.685Z"}
info: Database Connected Successfully {"timestamp":"2025-04-16T18:07:28.178Z"}
info: Server is listening on port 3000 {"timestamp":"2025-04-16T18:09:40.824Z"}
info: Server is listening on port 3000 {"timestamp":"2025-04-16T18:09:42.453Z"}
info: Database Connected Successfully {"timestamp":"2025-04-16T18:09:43.034Z"}
info: Server is listening on port 3000 {"timestamp":"2025-04-16T18:09:47.351Z"}
info: Database Connected Successfully {"timestamp":"2025-04-16T18:09:47.823Z"}
info: Server is listening on port 3000 {"timestamp":"2025-04-16T18:09:59.683Z"}
info: Database Connected Successfully {"timestamp":"2025-04-16T18:10:00.224Z"}
info: Server is listening on port 3000 {"timestamp":"2025-04-16T18:10:39.113Z"}
info: Database Connected Successfully {"timestamp":"2025-04-16T18:10:39.709Z"}
info: Server is listening on port 3000 {"timestamp":"2025-04-16T18:10:49.561Z"}
info: Database Connected Successfully {"timestamp":"2025-04-16T18:10:50.208Z"}
info: Server is listening on port 3000 {"timestamp":"2025-04-16T18:11:27.423Z"}
info: Database Connected Successfully {"timestamp":"2025-04-16T18:11:27.942Z"}
info: Server is listening on port 3000 {"timestamp":"2025-04-16T18:11:34.655Z"}
info: Database Connected Successfully {"timestamp":"2025-04-16T18:11:35.294Z"}
info: Server is listening on port 3000 {"timestamp":"2025-04-16T18:11:37.620Z"}
info: Database Connected Successfully {"timestamp":"2025-04-16T18:11:38.176Z"}
info: Server is listening on port 3000 {"timestamp":"2025-04-16T18:12:08.183Z"}
info: Database Connected Successfully {"timestamp":"2025-04-16T18:12:08.698Z"}
info: Server is listening on port 3000 {"timestamp":"2025-04-16T18:12:29.546Z"}
info: Database Connected Successfully {"timestamp":"2025-04-16T18:12:30.087Z"}
info: Server is listening on port 3000 {"timestamp":"2025-04-18T18:03:21.052Z"}
info: Database Connected Successfully {"timestamp":"2025-04-18T18:03:22.252Z"}
info: Server is listening on port 3000 {"timestamp":"2025-04-18T18:35:11.861Z"}
info: Database Connected Successfully {"timestamp":"2025-04-18T18:35:12.499Z"}
info: Server is listening on port 3000 {"timestamp":"2025-04-18T18:37:02.386Z"}
info: Database Connected Successfully {"timestamp":"2025-04-18T18:37:02.976Z"}
info: Server is listening on port 3000 {"timestamp":"2025-04-18T18:41:21.158Z"}
info: Database Connected Successfully {"timestamp":"2025-04-18T18:41:21.716Z"}
info: Server is listening on port 3000 {"timestamp":"2025-04-18T19:24:36.723Z"}
info: Database Connected Successfully {"timestamp":"2025-04-18T19:24:37.253Z"}
info: Server is listening on port 3000 {"timestamp":"2025-04-18T19:29:55.644Z"}
info: Database Connected Successfully {"timestamp":"2025-04-18T19:29:56.174Z"}
info: Server is listening on port 3000 {"timestamp":"2025-04-18T19:37:28.379Z"}
info: Database Connected Successfully {"timestamp":"2025-04-18T19:37:28.987Z"}
info: Server is listening on port 3000 {"timestamp":"2025-04-18T19:38:11.598Z"}
info: Database Connected Successfully {"timestamp":"2025-04-18T19:38:12.121Z"}
info: Server is listening on port 3000 {"timestamp":"2025-04-18T19:38:52.735Z"}
info: Database Connected Successfully {"timestamp":"2025-04-18T19:38:53.213Z"}
info: Server is listening on port 3000 {"timestamp":"2025-04-18T19:39:49.893Z"}
info: Database Connected Successfully {"timestamp":"2025-04-18T19:39:50.571Z"}
info: Server is listening on port 3000 {"timestamp":"2025-04-19T18:48:15.003Z"}
info: Database Connected Successfully {"timestamp":"2025-04-19T18:48:16.475Z"}
info: Server is listening on port 3000 {"timestamp":"2025-04-19T18:52:42.168Z"}
info: Database Connected Successfully {"timestamp":"2025-04-19T18:52:42.929Z"}
info: Server is listening on port 3000 {"timestamp":"2025-04-19T18:53:07.967Z"}
info: Database Connected Successfully {"timestamp":"2025-04-19T18:53:08.563Z"}
info: Server is listening on port 3000 {"timestamp":"2025-04-19T18:56:01.171Z"}
info: Database Connected Successfully {"timestamp":"2025-04-19T18:56:01.674Z"}
info: Server is listening on port 3000 {"timestamp":"2025-04-19T18:56:57.248Z"}
info: Database Connected Successfully {"timestamp":"2025-04-19T18:56:57.840Z"}
info: Server is listening on port 3000 {"timestamp":"2025-04-19T19:26:50.526Z"}
info: Database Connected Successfully {"timestamp":"2025-04-19T19:26:51.065Z"}
info: Server is listening on port 3000 {"timestamp":"2025-04-19T19:39:13.379Z"}
